Arguments: 
  C:\Program Files\nodejs\node.exe C:\Users\user\AppData\Roaming\npm\node_modules\yarn\bin\yarn.js install

PATH: 
  C:\WINDOWS\system32;C:\WINDOWS;C:\WINDOWS\System32\Wbem;C:\WINDOWS\System32\WindowsPowerShell\v1.0\;C:\WINDOWS\System32\OpenSSH\;F:\Git\cmd;F:\NetSarang\Xftp 7\;C:\composer;F:\OpenServer\modules\php\PHP_7.4;C:\Program Files (x86)\Calibre2\;F:\xftp\;C:\Program Files\nodejs\;C:\ProgramData\chocolatey\bin;C:\Users\user\AppData\Local\Microsoft\WindowsApps;F:\Microsoft VS Code\bin;C:\Users\user\AppData\Roaming\Composer\vendor\bin;F:\PhpStorm\bin;;F:\WebStorm 2021.2\bin;;F:\wget\bin;C:\Users\user\AppData\Roaming\npm;F:\OpenServer\domains\CRM\node_modules\.bin

Yarn version: 
  1.22.17

Node version: 
  14.17.5

Platform: 
  win32 x64

Trace: 
  SyntaxError: F:\OpenServer\domains\CRM\package.json: Unexpected token ` in JSON at position 429
      at JSON.parse (<anonymous>)
      at C:\Users\user\AppData\Roaming\npm\node_modules\yarn\lib\cli.js:1625:59
      at Generator.next (<anonymous>)
      at step (C:\Users\user\AppData\Roaming\npm\node_modules\yarn\lib\cli.js:310:30)
      at C:\Users\user\AppData\Roaming\npm\node_modules\yarn\lib\cli.js:321:13

npm manifest: 
  {
    "name": "client",
    "version": "0.1.0",
    "private": true,
    "dependencies": {
      "history": "^5.2.0",
      "yup": "^0.32.11",
      "typescript": "^4.1.2",
      "redux-thunk": "^2.4.0",
      "react": "^17.0.2",
      "react-dom": "^17.0.2",
      "react-redux": "^7.2.6",
      "react-router": "^6.0.2",
      "react-router-dom": "^6.0.2",
      "react-scripts": "4.0.3",
      "redis": "^3.1.2",
      "redux": "^4.1.2",
      "connect-redis": "^6.0.0",
      "formik": "^2.2.9",
      "js-cookie": "^3.0.1",
      "@testing-library/jest-dom": "^5.11.4",
      "@testing-library/react": "^11.1.0",
      "@testing-library/user-event": "^12.1.10",
      "@types/jest": "^26.0.15",
      "@types/js-cookie": "^3.0.1",
      "@types/node": "^12.0.0",
      "@types/react": "^17.0.0",
      "@types/react-dom": "^17.0.0",
      "@types/react-router-dom": "^5.3.2",
      "axios": "^0.24.0",
      "classnames": "^2.3.1"
    },
    "proxy": "http://127.0.0.1:5000",
    "scripts": {
      "start": "set PORT=3006 && react-scripts start",
      "build": "react-scripts build",
      "test": "react-scripts test",
      "eject": "react-scripts eject"
    },
    "eslintConfig": {
      "extends": [
        "react-app",
        "react-app/jest"
      ]
    },
    "browserslist": {
      "production": [
        ">0.2%",
        "not dead",
        "not op_mini all"
      ],
      "development": [
        "last 1 chrome version",
        "last 1 firefox version",
        "last 1 safari version"
      ]
    },
    "devDependencies": {
      "@types/react-redux": "^7.1.20",
      "@types/redux": "^3.6.0",
      "@types/redux-thunk": "^2.1.0",
      "react-test-renderer": "^17.0.2"
    }
  }

yarn manifest: 
  No manifest

Lockfile: 
  # THIS IS AN AUTOGENERATED FILE. DO NOT EDIT THIS FILE DIRECTLY.
  # yarn lockfile v1
  
  
  "@babel/runtime@^7.7.6":
    version "7.16.7"
    resolved "https://registry.yarnpkg.com/@babel/runtime/-/runtime-7.16.7.tgz#03ff99f64106588c9c403c6ecb8c3bafbbdff1fa"
    integrity sha512-9E9FJowqAsytyOY6LG+1KuueckRL+aQW+mKvXRXnuFGyRAyepJPmEo9vgMfXUA6O9u3IeEdv9MAkppFcaQwogQ==
    dependencies:
      regenerator-runtime "^0.13.4"
  
  history@^5.2.0:
    version "5.2.0"
    resolved "https://registry.yarnpkg.com/history/-/history-5.2.0.tgz#7cdd31cf9bac3c5d31f09c231c9928fad0007b7c"
    integrity sha512-uPSF6lAJb3nSePJ43hN3eKj1dTWpN9gMod0ZssbFTIsen+WehTmEadgL+kg78xLJFdRfrrC//SavDzmRVdE+Ig==
    dependencies:
      "@babel/runtime" "^7.7.6"
  
  regenerator-runtime@^0.13.4:
    version "0.13.9"
    resolved "https://registry.yarnpkg.com/regenerator-runtime/-/regenerator-runtime-0.13.9.tgz#8925742a98ffd90814988d7566ad30ca3b263b52"
    integrity sha512-p3VT+cOEgxFsRRA9X4lkI1E+k2/CtnKtU4gcxyaCUreilL/vqI6CdZ3wxVUx3UOUg+gnUOQQcRI7BmSI656MYA==
